mode: set
memory_cache/models/LRUEvictionManager.go:7.47,9.19 2 1
memory_cache/models/LRUEvictionManager.go:15.2,15.15 1 1
memory_cache/models/LRUEvictionManager.go:9.19,11.3 1 1
memory_cache/models/LRUEvictionManager.go:11.8,14.3 2 1
memory_cache/models/LRUEvictionManager.go:18.43,19.19 1 1
memory_cache/models/LRUEvictionManager.go:22.2,25.20 4 1
memory_cache/models/LRUEvictionManager.go:19.19,21.3 1 1
memory_cache/models/LRUEvictionManager.go:28.38,38.2 2 1
memory_cache/models/inMemoryCache.go:21.63,23.27 1 1
memory_cache/models/inMemoryCache.go:28.2,28.63 1 1
memory_cache/models/inMemoryCache.go:40.2,40.23 1 1
memory_cache/models/inMemoryCache.go:43.2,44.10 2 1
memory_cache/models/inMemoryCache.go:23.27,26.3 2 1
memory_cache/models/inMemoryCache.go:28.63,29.35 1 1
memory_cache/models/inMemoryCache.go:29.35,31.4 1 0
memory_cache/models/inMemoryCache.go:31.9,33.32 2 1
memory_cache/models/inMemoryCache.go:36.4,36.35 1 1
memory_cache/models/inMemoryCache.go:33.32,35.5 1 1
memory_cache/models/inMemoryCache.go:40.23,42.3 1 1
memory_cache/models/inMemoryCache.go:47.52,48.36 1 1
memory_cache/models/inMemoryCache.go:51.2,51.24 1 1
memory_cache/models/inMemoryCache.go:48.36,50.3 1 1
memory_cache/models/inMemoryCache.go:54.40,56.36 2 1
memory_cache/models/inMemoryCache.go:59.2,60.25 2 1
memory_cache/models/inMemoryCache.go:56.36,58.3 1 1
memory_cache/models/inMemoryCache.go:63.44,65.30 2 1
memory_cache/models/inMemoryCache.go:68.2,68.18 1 1
memory_cache/models/inMemoryCache.go:65.30,67.3 1 1
memory_cache/models/LFUEvictionManager.go:8.64,10.21 2 1
memory_cache/models/LFUEvictionManager.go:10.21,18.3 4 1
memory_cache/models/LFUEvictionManager.go:18.8,20.3 1 1
memory_cache/models/LFUEvictionManager.go:23.60,25.39 1 1
memory_cache/models/LFUEvictionManager.go:30.2,37.24 6 1
memory_cache/models/LFUEvictionManager.go:25.39,28.3 1 1
memory_cache/models/LFUEvictionManager.go:40.55,42.2 1 1
memory_cache/models/LFUEvictionManager.go:44.71,45.110 1 1
memory_cache/models/LFUEvictionManager.go:45.110,48.3 2 1
memory_cache/models/LFUEvictionManager.go:51.73,56.24 4 1
memory_cache/models/LFUEvictionManager.go:56.24,57.24 1 1
memory_cache/models/LFUEvictionManager.go:65.3,65.97 1 1
memory_cache/models/LFUEvictionManager.go:57.24,59.4 1 1
memory_cache/models/LFUEvictionManager.go:59.9,59.94 1 1
memory_cache/models/LFUEvictionManager.go:59.94,61.4 1 1
memory_cache/models/LFUEvictionManager.go:61.9,63.4 1 1
memory_cache/models/LFUEvictionManager.go:65.97,69.4 3 1
memory_cache/models/LFUEvictionManager.go:69.9,71.4 1 1
memory_cache/models/LFUEvictionManager.go:75.77,76.52 1 1
memory_cache/models/LFUEvictionManager.go:82.2,82.11 1 1
memory_cache/models/LFUEvictionManager.go:76.52,77.23 1 1
memory_cache/models/LFUEvictionManager.go:77.23,80.4 2 1
memory_cache/models/LFUEvictionManager.go:85.24,87.2 1 1
memory_cache/models/LFUEvictionManager.go:89.63,91.2 1 1
memory_cache/models/LFUEvictionManager.go:93.64,95.2 1 1
memory_cache/models/LFUEvictionManager.go:97.64,99.2 1 1
